[33mStarting up http-server, serving [39m[36m.[39m[33m on port: [39m[36m9090[39m
Hit CTRL-C to stop the server
[Sat, 20 Sep 2014 16:53:18 GMT] "[36mGET[39m [36m/[39m" "Mozilla/5.0 (Macintosh; Intel Mac OS X 10_9_4) AppleWebKit/537.36 (KHTML, like Gecko) Chrome/37.0.2062.122 Safari/537.36"
[Sat, 20 Sep 2014 16:53:18 GMT] "[36mGET[39m [36m/server/api.json[39m" "Mozilla/5.0 (Macintosh; Intel Mac OS X 10_9_4) AppleWebKit/537.36 (KHTML, like Gecko) Chrome/37.0.2062.122 Safari/537.36"
[Sat, 20 Sep 2014 16:53:19 GMT] "[36mGET[39m [36m/favicon.ico[39m" "Mozilla/5.0 (Macintosh; Intel Mac OS X 10_9_4) AppleWebKit/537.36 (KHTML, like Gecko) Chrome/37.0.2062.122 Safari/537.36"
[Sat, 20 Sep 2014 16:53:55 GMT] "[36mGET[39m [36m/[39m" "Mozilla/5.0 (iPhone; CPU iPhone OS 7_0 like Mac OS X) AppleWebKit/537.51.1 (KHTML, like Gecko) Mobile/11A466 MicroMessenger/5.3"
[Sat, 20 Sep 2014 16:53:56 GMT] "[36mGET[39m [36m/server/api.json[39m" "Mozilla/5.0 (iPhone; CPU iPhone OS 7_0 like Mac OS X) AppleWebKit/537.51.1 (KHTML, like Gecko) Mobile/11A466 MicroMessenger/5.3"
[Sat, 20 Sep 2014 16:54:08 GMT] "[36mGET[39m [36m/Fy/up/?wid=42755&id=87&score=10[39m" "Mozilla/5.0 (iPhone; CPU iPhone OS 7_0 like Mac OS X) AppleWebKit/537.51.1 (KHTML, like Gecko) Mobile/11A466 MicroMessenger/5.3"
[Sat, 20 Sep 2014 16:54:59 GMT] "[36mGET[39m [36m/Fy/up/?wid=42755&id=87&score=10[39m" "Mozilla/5.0 (iPhone; CPU iPhone OS 7_0 like Mac OS X) AppleWebKit/537.51.1 (KHTML, like Gecko) Mobile/11A466 MicroMessenger/5.3"
[Sat, 20 Sep 2014 16:55:10 GMT] "[36mGET[39m [36m/Fy/up/?wid=42755&id=87&score=0[39m" "Mozilla/5.0 (iPhone; CPU iPhone OS 7_0 like Mac OS X) AppleWebKit/537.51.1 (KHTML, like Gecko) Mobile/11A466 MicroMessenger/5.3"
[Sat, 20 Sep 2014 17:00:35 GMT] "[36mGET[39m [36m/[39m" "Mozilla/4.0"
[Sat, 20 Sep 2014 17:00:45 GMT] "[36mGET[39m [36m/[39m" "Mozilla/4.0"
[Sat, 20 Sep 2014 17:01:20 GMT] "[36mGET[39m [36m/[39m" "Mozilla/4.0"
[Sat, 20 Sep 2014 17:10:41 GMT] "[36mGET[39m [36m/[39m" "Mozilla/4.0"
[Sat, 20 Sep 2014 22:52:54 GMT] "[36mGET[39m [36m/[39m" "Mozilla/5.0 (iPhone; CPU iPhone OS 8_0 like Mac OS X) AppleWebKit/600.1.4 (KHTML, like Gecko) Mobile/12A365 MicroMessenger/5.4.1 NetType/WIFI"
[Sat, 20 Sep 2014 22:52:55 GMT] "[36mGET[39m [36m/server/api.json[39m" "Mozilla/5.0 (iPhone; CPU iPhone OS 8_0 like Mac OS X) AppleWebKit/600.1.4 (KHTML, like Gecko) Mobile/12A365 MicroMessenger/5.4.1 NetType/WIFI"
[Sun, 21 Sep 2014 00:18:01 GMT] "[36mGET[39m [36m/[39m" "Mozilla/5.0 (iPhone; CPU iPhone OS 7_0 like Mac OS X) AppleWebKit/537.51.1 (KHTML, like Gecko) Mobile/11A466 MicroMessenger/5.3"
[Sun, 21 Sep 2014 00:18:01 GMT] "[36mGET[39m [36m/server/api.json[39m" "Mozilla/5.0 (iPhone; CPU iPhone OS 7_0 like Mac OS X) AppleWebKit/537.51.1 (KHTML, like Gecko) Mobile/11A466 MicroMessenger/5.3"
[Sun, 21 Sep 2014 00:18:13 GMT] "[36mGET[39m [36m/[39m" "Mozilla/4.0"
[Sun, 21 Sep 2014 00:18:18 GMT] "[36mGET[39m [36m/[39m" "Mozilla/4.0"
[Sun, 21 Sep 2014 00:18:30 GMT] "[36mGET[39m [36m/Fy/up/?wid=42755&id=87&score=10[39m" "Mozilla/5.0 (iPhone; CPU iPhone OS 7_0 like Mac OS X) AppleWebKit/537.51.1 (KHTML, like Gecko) Mobile/11A466 MicroMessenger/5.3"
[Sun, 21 Sep 2014 01:27:48 GMT] "[36mGET[39m [36m/[39m" "Mozilla/5.0 (iPhone; CPU iPhone OS 8_0 like Mac OS X) AppleWebKit/600.1.4 (KHTML, like Gecko) Mobile/12A365 MicroMessenger/5.4.1 NetType/WIFI"
[Sun, 21 Sep 2014 01:27:48 GMT] "[36mGET[39m [36m/server/api.json[39m" "Mozilla/5.0 (iPhone; CPU iPhone OS 8_0 like Mac OS X) AppleWebKit/600.1.4 (KHTML, like Gecko) Mobile/12A365 MicroMessenger/5.4.1 NetType/WIFI"
[Sun, 21 Sep 2014 01:49:36 GMT] "[36mGET[39m [36m/server/api.json[39m" "Mozilla/5.0 (iPhone; CPU iPhone OS 8_0 like Mac OS X) AppleWebKit/600.1.4 (KHTML, like Gecko) Mobile/12A365 MicroMessenger/5.4.1 NetType/WIFI"
[Sun, 21 Sep 2014 01:49:43 GMT] "[36mGET[39m [36m/Fy/up/?wid=42755&id=87&score=0[39m" "Mozilla/5.0 (iPhone; CPU iPhone OS 8_0 like Mac OS X) AppleWebKit/600.1.4 (KHTML, like Gecko) Mobile/12A365 MicroMessenger/5.4.1 NetType/WIFI"
[Sun, 21 Sep 2014 01:53:04 GMT] "[36mGET[39m [36m/[39m" "Mozilla/5.0 (iPhone; CPU iPhone OS 7_0 like Mac OS X) AppleWebKit/537.51.1 (KHTML, like Gecko) Mobile/11A466 MicroMessenger/5.3"
[Sun, 21 Sep 2014 01:53:05 GMT] "[36mGET[39m [36m/server/api.json[39m" "Mozilla/5.0 (iPhone; CPU iPhone OS 7_0 like Mac OS X) AppleWebKit/537.51.1 (KHTML, like Gecko) Mobile/11A466 MicroMessenger/5.3"
[Sun, 21 Sep 2014 01:56:16 GMT] "[36mGET[39m [36m/[39m" "Mozilla/5.0 (iPhone; CPU iPhone OS 7_0 like Mac OS X) AppleWebKit/537.51.1 (KHTML, like Gecko) Mobile/11A466 MicroMessenger/5.3"
[Sun, 21 Sep 2014 01:56:32 GMT] "[36mGET[39m [36m/server/api.json[39m" "Mozilla/5.0 (iPhone; CPU iPhone OS 7_0 like Mac OS X) AppleWebKit/537.51.1 (KHTML, like Gecko) Mobile/11A466 MicroMessenger/5.3"
[Sun, 21 Sep 2014 01:58:08 GMT] "[36mGET[39m [36m/server/api.json[39m" "Mozilla/5.0 (iPhone; CPU iPhone OS 8_0 like Mac OS X) AppleWebKit/600.1.4 (KHTML, like Gecko) Mobile/12A365 MicroMessenger/5.4.1 NetType/WIFI"
[Sun, 21 Sep 2014 01:59:07 GMT] "[36mGET[39m [36m/[39m" "Mozilla/4.0"
[Sun, 21 Sep 2014 02:03:21 GMT] "[36mGET[39m [36m/server/api.json[39m" "Mozilla/5.0 (iPhone; CPU iPhone OS 8_0 like Mac OS X) AppleWebKit/600.1.4 (KHTML, like Gecko) Mobile/12A365 MicroMessenger/5.4.1 NetType/WIFI"
[Sun, 21 Sep 2014 02:03:27 GMT] "[36mGET[39m [36m/[39m" "Mozilla/5.0 (iPhone; CPU iPhone OS 8_0 like Mac OS X) AppleWebKit/600.1.4 (KHTML, like Gecko) Version/8.0 Mobile/12A365 Safari/600.1.4"
[Sun, 21 Sep 2014 02:03:36 GMT] "[36mGET[39m [36m/[39m" "Mozilla/5.0 (iPhone; CPU iPhone OS 8_0 like Mac OS X) AppleWebKit/600.1.4 (KHTML, like Gecko) Version/8.0 Mobile/12A365 Safari/600.1.4"
[Sun, 21 Sep 2014 02:03:38 GMT] "[36mGET[39m [36m/[39m" "Mozilla/5.0 (iPhone; CPU iPhone OS 8_0 like Mac OS X) AppleWebKit/600.1.4 (KHTML, like Gecko) Version/8.0 Mobile/12A365 Safari/600.1.4"
[Sun, 21 Sep 2014 02:04:14 GMT] "[36mGET[39m [36m/server/api.json[39m" "Mozilla/5.0 (iPhone; CPU iPhone OS 8_0 like Mac OS X) AppleWebKit/600.1.4 (KHTML, like Gecko) Mobile/12A365 MicroMessenger/5.4.1 NetType/WIFI"
[Sun, 21 Sep 2014 02:04:52 GMT] "[36mGET[39m [36m/[39m" "Mozilla/5.0 (iPhone; CPU iPhone OS 8_0 like Mac OS X) AppleWebKit/600.1.4 (KHTML, like Gecko) Mobile/12A365 MicroMessenger/5.4.1 NetType/WIFI"
[Sun, 21 Sep 2014 02:04:53 GMT] "[36mGET[39m [36m/server/api.json[39m" "Mozilla/5.0 (iPhone; CPU iPhone OS 8_0 like Mac OS X) AppleWebKit/600.1.4 (KHTML, like Gecko) Mobile/12A365 MicroMessenger/5.4.1 NetType/WIFI"
[Sun, 21 Sep 2014 02:07:45 GMT] "[36mGET[39m [36m/[39m" "Mozilla/5.0 (iPhone; CPU iPhone OS 7_0 like Mac OS X) AppleWebKit/537.51.1 (KHTML, like Gecko) Version/7.0 Mobile/11A466 Safari/9537.53"
[Sun, 21 Sep 2014 02:07:46 GMT] "[36mGET[39m [36m/server/api.json[39m" "Mozilla/5.0 (iPhone; CPU iPhone OS 7_0 like Mac OS X) AppleWebKit/537.51.1 (KHTML, like Gecko) Version/7.0 Mobile/11A466 Safari/9537.53"
[Sun, 21 Sep 2014 02:07:50 GMT] "[36mGET[39m [36m/[39m" "Mozilla/5.0 (iPhone; CPU iPhone OS 7_0 like Mac OS X) AppleWebKit/537.51.1 (KHTML, like Gecko) Version/7.0 Mobile/11A466 Safari/9537.53"
[Sun, 21 Sep 2014 02:07:51 GMT] "[36mGET[39m [36m/server/api.json[39m" "Mozilla/5.0 (iPhone; CPU iPhone OS 7_0 like Mac OS X) AppleWebKit/537.51.1 (KHTML, like Gecko) Version/7.0 Mobile/11A466 Safari/9537.53"
[Sun, 21 Sep 2014 02:07:52 GMT] "[36mGET[39m [36m/[39m" "Mozilla/5.0 (iPhone; CPU iPhone OS 7_0 like Mac OS X) AppleWebKit/537.51.1 (KHTML, like Gecko) Version/7.0 Mobile/11A466 Safari/9537.53"
[Sun, 21 Sep 2014 02:07:52 GMT] "[36mGET[39m [36m/server/api.json[39m" "Mozilla/5.0 (iPhone; CPU iPhone OS 7_0 like Mac OS X) AppleWebKit/537.51.1 (KHTML, like Gecko) Version/7.0 Mobile/11A466 Safari/9537.53"
[Sun, 21 Sep 2014 02:07:57 GMT] "[36mGET[39m [36m/[39m" "Mozilla/5.0 (iPhone; CPU iPhone OS 7_0 like Mac OS X) AppleWebKit/537.51.1 (KHTML, like Gecko) Version/7.0 Mobile/11A466 Safari/9537.53"
[Sun, 21 Sep 2014 02:07:58 GMT] "[36mGET[39m [36m/server/api.json[39m" "Mozilla/5.0 (iPhone; CPU iPhone OS 7_0 like Mac OS X) AppleWebKit/537.51.1 (KHTML, like Gecko) Version/7.0 Mobile/11A466 Safari/9537.53"
[Sun, 21 Sep 2014 02:07:58 GMT] "[36mGET[39m [36m/[39m" "Mozilla/5.0 (iPhone; CPU iPhone OS 7_0 like Mac OS X) AppleWebKit/537.51.1 (KHTML, like Gecko) Version/7.0 Mobile/11A466 Safari/9537.53"
[Sun, 21 Sep 2014 02:08:11 GMT] "[36mGET[39m [36m/server/api.json[39m" "Mozilla/5.0 (iPhone; CPU iPhone OS 7_0 like Mac OS X) AppleWebKit/537.51.1 (KHTML, like Gecko) Version/7.0 Mobile/11A466 Safari/9537.53"
[Sun, 21 Sep 2014 02:08:37 GMT] "[36mGET[39m [36m/[39m" "Mozilla/5.0 (iPhone; CPU iPhone OS 7_0 like Mac OS X) AppleWebKit/537.51.1 (KHTML, like Gecko) CriOS/34.0.1847.18 Mobile/11A466 Safari/9537.53"
[Sun, 21 Sep 2014 02:08:38 GMT] "[36mGET[39m [36m/favicon.ico[39m" "Mozilla/5.0 (iPhone; CPU iPhone OS 7_0 like Mac OS X) AppleWebKit/537.51.1 (KHTML, like Gecko) CriOS/34.0.1847.18 Mobile/11A466 Safari/9537.53"
[Sun, 21 Sep 2014 02:08:42 GMT] "[36mGET[39m [36m/[39m" "Mozilla/5.0 (iPhone; CPU iPhone OS 7_0 like Mac OS X) AppleWebKit/537.51.1 (KHTML, like Gecko) CriOS/34.0.1847.18 Mobile/11A466 Safari/9537.53"
[Sun, 21 Sep 2014 02:08:43 GMT] "[36mGET[39m [36m/favicon.ico[39m" "Mozilla/5.0 (iPhone; CPU iPhone OS 7_0 like Mac OS X) AppleWebKit/537.51.1 (KHTML, like Gecko) CriOS/34.0.1847.18 Mobile/11A466 Safari/9537.53"
[Sun, 21 Sep 2014 02:08:46 GMT] "[36mGET[39m [36m/[39m" "Mozilla/5.0 (iPhone; CPU iPhone OS 7_0 like Mac OS X) AppleWebKit/537.51.1 (KHTML, like Gecko) CriOS/34.0.1847.18 Mobile/11A466 Safari/9537.53"
[Sun, 21 Sep 2014 02:08:47 GMT] "[36mGET[39m [36m/favicon.ico[39m" "Mozilla/5.0 (iPhone; CPU iPhone OS 7_0 like Mac OS X) AppleWebKit/537.51.1 (KHTML, like Gecko) CriOS/34.0.1847.18 Mobile/11A466 Safari/9537.53"
[Sun, 21 Sep 2014 02:08:50 GMT] "[36mGET[39m [36m/[39m" "Mozilla/5.0 (iPhone; CPU iPhone OS 7_0 like Mac OS X) AppleWebKit/537.51.1 (KHTML, like Gecko) CriOS/34.0.1847.18 Mobile/11A466 Safari/9537.53"
[Sun, 21 Sep 2014 02:08:50 GMT] "[36mGET[39m [36m/server/api.json[39m" "Mozilla/5.0 (iPhone; CPU iPhone OS 7_0 like Mac OS X) AppleWebKit/537.51.1 (KHTML, like Gecko) CriOS/34.0.1847.18 Mobile/11A466 Safari/9537.53"
[Sun, 21 Sep 2014 02:08:51 GMT] "[36mGET[39m [36m/favicon.ico[39m" "Mozilla/5.0 (iPhone; CPU iPhone OS 7_0 like Mac OS X) AppleWebKit/537.51.1 (KHTML, like Gecko) CriOS/34.0.1847.18 Mobile/11A466 Safari/9537.53"
[Sun, 21 Sep 2014 02:09:12 GMT] "[36mGET[39m [36m/[39m" "Mozilla/5.0 (iPhone; CPU iPhone OS 8_0 like Mac OS X) AppleWebKit/600.1.4 (KHTML, like Gecko) Mobile/12A365 MicroMessenger/5.4.1 NetType/WIFI"
[Sun, 21 Sep 2014 02:09:50 GMT] "[36mGET[39m [36m/[39m" "Mozilla/5.0 (iPhone; CPU iPhone OS 7_0 like Mac OS X) AppleWebKit/537.51.1 (KHTML, like Gecko) CriOS/34.0.1847.18 Mobile/11A466 Safari/9537.53"
[Sun, 21 Sep 2014 02:09:51 GMT] "[36mGET[39m [36m/54044d7a8b70c.jpg[39m" "Mozilla/5.0 (iPhone; CPU iPhone OS 7_0 like Mac OS X) AppleWebKit/537.51.1 (KHTML, like Gecko) CriOS/34.0.1847.18 Mobile/11A466 Safari/9537.53"
[Sun, 21 Sep 2014 02:09:51 GMT] "[36mGET[39m [36m/server/api.json[39m" "Mozilla/5.0 (iPhone; CPU iPhone OS 7_0 like Mac OS X) AppleWebKit/537.51.1 (KHTML, like Gecko) CriOS/34.0.1847.18 Mobile/11A466 Safari/9537.53"
[Sun, 21 Sep 2014 02:09:51 GMT] "[36mGET[39m [36m/favicon.ico[39m" "Mozilla/5.0 (iPhone; CPU iPhone OS 7_0 like Mac OS X) AppleWebKit/537.51.1 (KHTML, like Gecko) CriOS/34.0.1847.18 Mobile/11A466 Safari/9537.53"
[Sun, 21 Sep 2014 02:09:57 GMT] "[36mGET[39m [36m/[39m" "Mozilla/5.0 (iPhone; CPU iPhone OS 7_0 like Mac OS X) AppleWebKit/537.51.1 (KHTML, like Gecko) CriOS/34.0.1847.18 Mobile/11A466 Safari/9537.53"
[Sun, 21 Sep 2014 02:09:57 GMT] "[36mGET[39m [36m/54044d7a8b70c.jpg[39m" "Mozilla/5.0 (iPhone; CPU iPhone OS 7_0 like Mac OS X) AppleWebKit/537.51.1 (KHTML, like Gecko) CriOS/34.0.1847.18 Mobile/11A466 Safari/9537.53"
[Sun, 21 Sep 2014 02:09:57 GMT] "[36mGET[39m [36m/server/api.json[39m" "Mozilla/5.0 (iPhone; CPU iPhone OS 7_0 like Mac OS X) AppleWebKit/537.51.1 (KHTML, like Gecko) CriOS/34.0.1847.18 Mobile/11A466 Safari/9537.53"
[Sun, 21 Sep 2014 02:09:57 GMT] "[36mGET[39m [36m/favicon.ico[39m" "Mozilla/5.0 (iPhone; CPU iPhone OS 7_0 like Mac OS X) AppleWebKit/537.51.1 (KHTML, like Gecko) CriOS/34.0.1847.18 Mobile/11A466 Safari/9537.53"
[Sun, 21 Sep 2014 02:10:17 GMT] "[36mGET[39m [36m/[39m" "Mozilla/5.0 (iPhone; CPU iPhone OS 7_0 like Mac OS X) AppleWebKit/537.51.1 (KHTML, like Gecko) CriOS/34.0.1847.18 Mobile/11A466 Safari/9537.53"
[Sun, 21 Sep 2014 02:10:18 GMT] "[36mGET[39m [36m/54044d7a8b70c.jpg[39m" "Mozilla/5.0 (iPhone; CPU iPhone OS 7_0 like Mac OS X) AppleWebKit/537.51.1 (KHTML, like Gecko) CriOS/34.0.1847.18 Mobile/11A466 Safari/9537.53"
[Sun, 21 Sep 2014 02:10:18 GMT] "[36mGET[39m [36m/server/api.json[39m" "Mozilla/5.0 (iPhone; CPU iPhone OS 7_0 like Mac OS X) AppleWebKit/537.51.1 (KHTML, like Gecko) CriOS/34.0.1847.18 Mobile/11A466 Safari/9537.53"
[Sun, 21 Sep 2014 02:10:18 GMT] "[36mGET[39m [36m/favicon.ico[39m" "Mozilla/5.0 (iPhone; CPU iPhone OS 7_0 like Mac OS X) AppleWebKit/537.51.1 (KHTML, like Gecko) CriOS/34.0.1847.18 Mobile/11A466 Safari/9537.53"
[Sun, 21 Sep 2014 02:10:27 GMT] "[36mGET[39m [36m/[39m" "Mozilla/5.0 (iPhone; CPU iPhone OS 7_0 like Mac OS X) AppleWebKit/537.51.1 (KHTML, like Gecko) CriOS/34.0.1847.18 Mobile/11A466 Safari/9537.53"
[Sun, 21 Sep 2014 02:10:27 GMT] "[36mGET[39m [36m/54044d7a8b70c.jpg[39m" "Mozilla/5.0 (iPhone; CPU iPhone OS 7_0 like Mac OS X) AppleWebKit/537.51.1 (KHTML, like Gecko) CriOS/34.0.1847.18 Mobile/11A466 Safari/9537.53"
[Sun, 21 Sep 2014 02:10:28 GMT] "[36mGET[39m [36m/server/api.json[39m" "Mozilla/5.0 (iPhone; CPU iPhone OS 7_0 like Mac OS X) AppleWebKit/537.51.1 (KHTML, like Gecko) CriOS/34.0.1847.18 Mobile/11A466 Safari/9537.53"
[Sun, 21 Sep 2014 02:10:28 GMT] "[36mGET[39m [36m/favicon.ico[39m" "Mozilla/5.0 (iPhone; CPU iPhone OS 7_0 like Mac OS X) AppleWebKit/537.51.1 (KHTML, like Gecko) CriOS/34.0.1847.18 Mobile/11A466 Safari/9537.53"
[Sun, 21 Sep 2014 02:10:43 GMT] "[36mGET[39m [36m/[39m" "Mozilla/5.0 (iPhone; CPU iPhone OS 7_0 like Mac OS X) AppleWebKit/537.51.1 (KHTML, like Gecko) Version/7.0 Mobile/11A466 Safari/9537.53"
[Sun, 21 Sep 2014 02:10:43 GMT] "[36mGET[39m [36m/54044d7a8b70c.jpg[39m" "Mozilla/5.0 (iPhone; CPU iPhone OS 7_0 like Mac OS X) AppleWebKit/537.51.1 (KHTML, like Gecko) Version/7.0 Mobile/11A466 Safari/9537.53"
[Sun, 21 Sep 2014 02:10:43 GMT] "[36mGET[39m [36m/server/api.json[39m" "Mozilla/5.0 (iPhone; CPU iPhone OS 7_0 like Mac OS X) AppleWebKit/537.51.1 (KHTML, like Gecko) Version/7.0 Mobile/11A466 Safari/9537.53"
[Sun, 21 Sep 2014 02:10:56 GMT] "[36mGET[39m [36m/[39m" "Mozilla/5.0 (iPhone; CPU iPhone OS 7_0 like Mac OS X) AppleWebKit/537.51.1 (KHTML, like Gecko) CriOS/34.0.1847.18 Mobile/11A466 Safari/9537.53"
[Sun, 21 Sep 2014 02:10:56 GMT] "[36mGET[39m [36m/54044d7a8b70c.jpg[39m" "Mozilla/5.0 (iPhone; CPU iPhone OS 7_0 like Mac OS X) AppleWebKit/537.51.1 (KHTML, like Gecko) CriOS/34.0.1847.18 Mobile/11A466 Safari/9537.53"
[Sun, 21 Sep 2014 02:10:56 GMT] "[36mGET[39m [36m/server/api.json[39m" "Mozilla/5.0 (iPhone; CPU iPhone OS 7_0 like Mac OS X) AppleWebKit/537.51.1 (KHTML, like Gecko) CriOS/34.0.1847.18 Mobile/11A466 Safari/9537.53"
[Sun, 21 Sep 2014 02:10:57 GMT] "[36mGET[39m [36m/favicon.ico[39m" "Mozilla/5.0 (iPhone; CPU iPhone OS 7_0 like Mac OS X) AppleWebKit/537.51.1 (KHTML, like Gecko) CriOS/34.0.1847.18 Mobile/11A466 Safari/9537.53"
[Sun, 21 Sep 2014 02:11:15 GMT] "[36mGET[39m [36m/favicon.ico[39m" "Mozilla/5.0 (iPhone; CPU iPhone OS 7_0 like Mac OS X) AppleWebKit/537.51.1 (KHTML, like Gecko) CriOS/34.0.1847.18 Mobile/11A466 Safari/9537.53"
[Sun, 21 Sep 2014 02:11:35 GMT] "[36mGET[39m [36m/[39m" "Mozilla/5.0 (iPhone; CPU iPhone OS 7_0 like Mac OS X) AppleWebKit/537.51.1 (KHTML, like Gecko) Version/7.0 Mobile/11A466 Safari/9537.53"
[Sun, 21 Sep 2014 02:11:35 GMT] "[36mGET[39m [36m/54044d7a8b70c.jpg[39m" "Mozilla/5.0 (iPhone; CPU iPhone OS 7_0 like Mac OS X) AppleWebKit/537.51.1 (KHTML, like Gecko) Version/7.0 Mobile/11A466 Safari/9537.53"
[Sun, 21 Sep 2014 02:11:35 GMT] "[36mGET[39m [36m/server/api.json[39m" "Mozilla/5.0 (iPhone; CPU iPhone OS 7_0 like Mac OS X) AppleWebKit/537.51.1 (KHTML, like Gecko) Version/7.0 Mobile/11A466 Safari/9537.53"
[Sun, 21 Sep 2014 02:11:42 GMT] "[36mGET[39m [36m/[39m" "Mozilla/5.0 (iPhone; CPU iPhone OS 7_0 like Mac OS X) AppleWebKit/537.51.1 (KHTML, like Gecko) Version/7.0 Mobile/11A466 Safari/9537.53"
[Sun, 21 Sep 2014 02:11:42 GMT] "[36mGET[39m [36m/54044d7a8b70c.jpg[39m" "Mozilla/5.0 (iPhone; CPU iPhone OS 7_0 like Mac OS X) AppleWebKit/537.51.1 (KHTML, like Gecko) Version/7.0 Mobile/11A466 Safari/9537.53"
[Sun, 21 Sep 2014 02:11:42 GMT] "[36mGET[39m [36m/server/api.json[39m" "Mozilla/5.0 (iPhone; CPU iPhone OS 7_0 like Mac OS X) AppleWebKit/537.51.1 (KHTML, like Gecko) Version/7.0 Mobile/11A466 Safari/9537.53"
[Sun, 21 Sep 2014 02:13:00 GMT] "[36mGET[39m [36m/[39m" "Mozilla/5.0 (iPhone; CPU iPhone OS 8_0 like Mac OS X) AppleWebKit/600.1.4 (KHTML, like Gecko) Mobile/12A365 MicroMessenger/5.4.1 NetType/WIFI"
[Sun, 21 Sep 2014 02:13:01 GMT] "[36mGET[39m [36m/54044d7a8b70c.jpg[39m" "Mozilla/5.0 (iPhone; CPU iPhone OS 8_0 like Mac OS X) AppleWebKit/600.1.4 (KHTML, like Gecko) Mobile/12A365 MicroMessenger/5.4.1 NetType/WIFI"
[Sun, 21 Sep 2014 02:13:01 GMT] "[36mGET[39m [36m/Fy/up/?wid=42755&id=87&score=20[39m" "Mozilla/5.0 (iPhone; CPU iPhone OS 7_0 like Mac OS X) AppleWebKit/537.51.1 (KHTML, like Gecko) Mobile/11A466 MicroMessenger/5.3"
[Sun, 21 Sep 2014 02:13:39 GMT] "[36mGET[39m [36m/[39m" "Mozilla/5.0 (Macintosh; Intel Mac OS X 10_9_4) AppleWebKit/537.36 (KHTML, like Gecko) Chrome/37.0.2062.122 Safari/537.36"
[Sun, 21 Sep 2014 02:13:39 GMT] "[36mGET[39m [36m/54044d7a8b70c.jpg[39m" "Mozilla/5.0 (Macintosh; Intel Mac OS X 10_9_4) AppleWebKit/537.36 (KHTML, like Gecko) Chrome/37.0.2062.122 Safari/537.36"
[Sun, 21 Sep 2014 02:13:39 GMT] "[36mGET[39m [36m/server/api.json[39m" "Mozilla/5.0 (Macintosh; Intel Mac OS X 10_9_4) AppleWebKit/537.36 (KHTML, like Gecko) Chrome/37.0.2062.122 Safari/537.36"
[Sun, 21 Sep 2014 02:13:41 GMT] "[36mGET[39m [36m/[39m" "Mozilla/5.0 (iPhone; CPU iPhone OS 8_0 like Mac OS X) AppleWebKit/600.1.4 (KHTML, like Gecko) Mobile/12A365 MicroMessenger/5.4.1 NetType/WIFI"
[Sun, 21 Sep 2014 02:13:41 GMT] "[36mGET[39m [36m/54044d7a8b70c.jpg[39m" "Mozilla/5.0 (iPhone; CPU iPhone OS 8_0 like Mac OS X) AppleWebKit/600.1.4 (KHTML, like Gecko) Mobile/12A365 MicroMessenger/5.4.1 NetType/WIFI"
[Sun, 21 Sep 2014 02:14:37 GMT] "[36mGET[39m [36m/[39m" "Mozilla/5.0 (iPhone; CPU iPhone OS 7_0 like Mac OS X) AppleWebKit/537.51.1 (KHTML, like Gecko) Mobile/11A466 MicroMessenger/5.3"
[Sun, 21 Sep 2014 02:14:37 GMT] "[36mGET[39m [36m/54044d7a8b70c.jpg[39m" "Mozilla/5.0 (iPhone; CPU iPhone OS 7_0 like Mac OS X) AppleWebKit/537.51.1 (KHTML, like Gecko) Mobile/11A466 MicroMessenger/5.3"
[Sun, 21 Sep 2014 02:15:06 GMT] "[36mGET[39m [36m/[39m" "Mozilla/5.0 (Macintosh; Intel Mac OS X 10_9_4) AppleWebKit/537.77.4 (KHTML, like Gecko) Version/7.0.5 Safari/537.77.4"
[Sun, 21 Sep 2014 02:15:07 GMT] "[36mGET[39m [36m/54044d7a8b70c.jpg[39m" "Mozilla/5.0 (Macintosh; Intel Mac OS X 10_9_4) AppleWebKit/537.77.4 (KHTML, like Gecko) Version/7.0.5 Safari/537.77.4"
[Sun, 21 Sep 2014 02:15:14 GMT] "[36mGET[39m [36m/[39m" "Mozilla/5.0 (Macintosh; Intel Mac OS X 10_9_4) AppleWebKit/537.77.4 (KHTML, like Gecko) Version/7.0.5 Safari/537.77.4"
[Sun, 21 Sep 2014 02:15:14 GMT] "[36mGET[39m [36m/54044d7a8b70c.jpg[39m" "Mozilla/5.0 (Macintosh; Intel Mac OS X 10_9_4) AppleWebKit/537.77.4 (KHTML, like Gecko) Version/7.0.5 Safari/537.77.4"
[Sun, 21 Sep 2014 02:15:14 GMT] "[36mGET[39m [36m/server/api.json[39m" "Mozilla/5.0 (Macintosh; Intel Mac OS X 10_9_4) AppleWebKit/537.77.4 (KHTML, like Gecko) Version/7.0.5 Safari/537.77.4"
[Sun, 21 Sep 2014 02:16:57 GMT] "[36mGET[39m [36m/[39m" "Mozilla/5.0 (iPhone; CPU iPhone OS 7_0 like Mac OS X) AppleWebKit/537.51.1 (KHTML, like Gecko) Mobile/11A466 MicroMessenger/5.3"
[Sun, 21 Sep 2014 02:16:57 GMT] "[36mGET[39m [36m/style.css?m=0711[39m" "Mozilla/5.0 (iPhone; CPU iPhone OS 7_0 like Mac OS X) AppleWebKit/537.51.1 (KHTML, like Gecko) Mobile/11A466 MicroMessenger/5.3"
[Sun, 21 Sep 2014 02:16:57 GMT] "[36mGET[39m [36m/54044d7a8b70c.jpg[39m" "Mozilla/5.0 (iPhone; CPU iPhone OS 7_0 like Mac OS X) AppleWebKit/537.51.1 (KHTML, like Gecko) Mobile/11A466 MicroMessenger/5.3"
[Sun, 21 Sep 2014 02:16:57 GMT] "[36mGET[39m [36m/Public/fangyan/loading.png[39m" "Mozilla/5.0 (iPhone; CPU iPhone OS 7_0 like Mac OS X) AppleWebKit/537.51.1 (KHTML, like Gecko) Mobile/11A466 MicroMessenger/5.3"
[Sun, 21 Sep 2014 02:17:43 GMT] "[36mGET[39m [36m/[39m" "Mozilla/5.0 (iPhone; CPU iPhone OS 7_0 like Mac OS X) AppleWebKit/537.51.1 (KHTML, like Gecko) CriOS/34.0.1847.18 Mobile/11A466 Safari/9537.53"
[Sun, 21 Sep 2014 02:17:43 GMT] "[36mGET[39m [36m/style.css?m=0711[39m" "Mozilla/5.0 (iPhone; CPU iPhone OS 7_0 like Mac OS X) AppleWebKit/537.51.1 (KHTML, like Gecko) CriOS/34.0.1847.18 Mobile/11A466 Safari/9537.53"
[Sun, 21 Sep 2014 02:17:43 GMT] "[36mGET[39m [36m/54044d7a8b70c.jpg[39m" "Mozilla/5.0 (iPhone; CPU iPhone OS 7_0 like Mac OS X) AppleWebKit/537.51.1 (KHTML, like Gecko) CriOS/34.0.1847.18 Mobile/11A466 Safari/9537.53"
[Sun, 21 Sep 2014 02:17:43 GMT] "[36mGET[39m [36m/Public/fangyan/loading.png[39m" "Mozilla/5.0 (iPhone; CPU iPhone OS 7_0 like Mac OS X) AppleWebKit/537.51.1 (KHTML, like Gecko) CriOS/34.0.1847.18 Mobile/11A466 Safari/9537.53"
[Sun, 21 Sep 2014 02:17:43 GMT] "[36mGET[39m [36m/server/api.json[39m" "Mozilla/5.0 (iPhone; CPU iPhone OS 7_0 like Mac OS X) AppleWebKit/537.51.1 (KHTML, like Gecko) CriOS/34.0.1847.18 Mobile/11A466 Safari/9537.53"
[Sun, 21 Sep 2014 02:17:44 GMT] "[36mGET[39m [36m/favicon.ico[39m" "Mozilla/5.0 (iPhone; CPU iPhone OS 7_0 like Mac OS X) AppleWebKit/537.51.1 (KHTML, like Gecko) CriOS/34.0.1847.18 Mobile/11A466 Safari/9537.53"
[Sun, 21 Sep 2014 02:17:51 GMT] "[36mGET[39m [36m/[39m" "Mozilla/5.0 (iPhone; CPU iPhone OS 7_0 like Mac OS X) AppleWebKit/537.51.1 (KHTML, like Gecko) CriOS/34.0.1847.18 Mobile/11A466 Safari/9537.53"
[Sun, 21 Sep 2014 02:17:51 GMT] "[36mGET[39m [36m/style.css?m=0711[39m" "Mozilla/5.0 (iPhone; CPU iPhone OS 7_0 like Mac OS X) AppleWebKit/537.51.1 (KHTML, like Gecko) CriOS/34.0.1847.18 Mobile/11A466 Safari/9537.53"
[Sun, 21 Sep 2014 02:17:51 GMT] "[36mGET[39m [36m/54044d7a8b70c.jpg[39m" "Mozilla/5.0 (iPhone; CPU iPhone OS 7_0 like Mac OS X) AppleWebKit/537.51.1 (KHTML, like Gecko) CriOS/34.0.1847.18 Mobile/11A466 Safari/9537.53"
[Sun, 21 Sep 2014 02:17:51 GMT] "[36mGET[39m [36m/Public/fangyan/loading.png[39m" "Mozilla/5.0 (iPhone; CPU iPhone OS 7_0 like Mac OS X) AppleWebKit/537.51.1 (KHTML, like Gecko) CriOS/34.0.1847.18 Mobile/11A466 Safari/9537.53"
[Sun, 21 Sep 2014 02:17:51 GMT] "[36mGET[39m [36m/server/api.json[39m" "Mozilla/5.0 (iPhone; CPU iPhone OS 7_0 like Mac OS X) AppleWebKit/537.51.1 (KHTML, like Gecko) CriOS/34.0.1847.18 Mobile/11A466 Safari/9537.53"
[Sun, 21 Sep 2014 02:17:52 GMT] "[36mGET[39m [36m/favicon.ico[39m" "Mozilla/5.0 (iPhone; CPU iPhone OS 7_0 like Mac OS X) AppleWebKit/537.51.1 (KHTML, like Gecko) CriOS/34.0.1847.18 Mobile/11A466 Safari/9537.53"
[Sun, 21 Sep 2014 02:17:57 GMT] "[36mGET[39m [36m/[39m" "Mozilla/5.0 (iPhone; CPU iPhone OS 7_0 like Mac OS X) AppleWebKit/537.51.1 (KHTML, like Gecko) CriOS/34.0.1847.18 Mobile/11A466 Safari/9537.53"
[Sun, 21 Sep 2014 02:17:57 GMT] "[36mGET[39m [36m/style.css?m=0711[39m" "Mozilla/5.0 (iPhone; CPU iPhone OS 7_0 like Mac OS X) AppleWebKit/537.51.1 (KHTML, like Gecko) CriOS/34.0.1847.18 Mobile/11A466 Safari/9537.53"
[Sun, 21 Sep 2014 02:17:58 GMT] "[36mGET[39m [36m/54044d7a8b70c.jpg[39m" "Mozilla/5.0 (iPhone; CPU iPhone OS 7_0 like Mac OS X) AppleWebKit/537.51.1 (KHTML, like Gecko) CriOS/34.0.1847.18 Mobile/11A466 Safari/9537.53"
[Sun, 21 Sep 2014 02:17:58 GMT] "[36mGET[39m [36m/Public/fangyan/loading.png[39m" "Mozilla/5.0 (iPhone; CPU iPhone OS 7_0 like Mac OS X) AppleWebKit/537.51.1 (KHTML, like Gecko) CriOS/34.0.1847.18 Mobile/11A466 Safari/9537.53"
[Sun, 21 Sep 2014 02:17:58 GMT] "[36mGET[39m [36m/server/api.json[39m" "Mozilla/5.0 (iPhone; CPU iPhone OS 7_0 like Mac OS X) AppleWebKit/537.51.1 (KHTML, like Gecko) CriOS/34.0.1847.18 Mobile/11A466 Safari/9537.53"
[Sun, 21 Sep 2014 02:18:16 GMT] "[36mGET[39m [36m/[39m" "Mozilla/5.0 (iPhone; CPU iPhone OS 7_0 like Mac OS X) AppleWebKit/537.51.1 (KHTML, like Gecko) Mobile/11A466 MicroMessenger/5.3"
[Sun, 21 Sep 2014 02:18:16 GMT] "[36mGET[39m [36m/style.css?m=0711[39m" "Mozilla/5.0 (iPhone; CPU iPhone OS 7_0 like Mac OS X) AppleWebKit/537.51.1 (KHTML, like Gecko) Mobile/11A466 MicroMessenger/5.3"
[Sun, 21 Sep 2014 02:18:17 GMT] "[36mGET[39m [36m/54044d7a8b70c.jpg[39m" "Mozilla/5.0 (iPhone; CPU iPhone OS 7_0 like Mac OS X) AppleWebKit/537.51.1 (KHTML, like Gecko) Mobile/11A466 MicroMessenger/5.3"
[Sun, 21 Sep 2014 02:18:17 GMT] "[36mGET[39m [36m/Public/fangyan/loading.png[39m" "Mozilla/5.0 (iPhone; CPU iPhone OS 7_0 like Mac OS X) AppleWebKit/537.51.1 (KHTML, like Gecko) Mobile/11A466 MicroMessenger/5.3"
[Sun, 21 Sep 2014 02:18:45 GMT] "[36mGET[39m [36m/[39m" "Mozilla/5.0 (iPhone; CPU iPhone OS 7_0 like Mac OS X) AppleWebKit/537.51.1 (KHTML, like Gecko) Version/7.0 Mobile/11A466 Safari/9537.53"
[Sun, 21 Sep 2014 02:18:45 GMT] "[36mGET[39m [36m/style.css?m=0711[39m" "Mozilla/5.0 (iPhone; CPU iPhone OS 7_0 like Mac OS X) AppleWebKit/537.51.1 (KHTML, like Gecko) Version/7.0 Mobile/11A466 Safari/9537.53"
[Sun, 21 Sep 2014 02:18:45 GMT] "[36mGET[39m [36m/Public/fangyan/loading.png[39m" "Mozilla/5.0 (iPhone; CPU iPhone OS 7_0 like Mac OS X) AppleWebKit/537.51.1 (KHTML, like Gecko) Version/7.0 Mobile/11A466 Safari/9537.53"
[Sun, 21 Sep 2014 02:18:54 GMT] "[36mGET[39m [36m/Fy/up/?wid=42755&id=87&score=20[39m" "Mozilla/5.0 (iPhone; CPU iPhone OS 7_0 like Mac OS X) AppleWebKit/537.51.1 (KHTML, like Gecko) Version/7.0 Mobile/11A466 Safari/9537.53"
[Sun, 21 Sep 2014 02:19:28 GMT] "[36mGET[39m [36m/[39m" "Mozilla/5.0 (Macintosh; Intel Mac OS X 10_9_4) AppleWebKit/537.77.4 (KHTML, like Gecko) Version/7.0.5 Safari/537.77.4"
[Sun, 21 Sep 2014 02:19:28 GMT] "[36mGET[39m [36m/style.css?m=0711[39m" "Mozilla/5.0 (Macintosh; Intel Mac OS X 10_9_4) AppleWebKit/537.77.4 (KHTML, like Gecko) Version/7.0.5 Safari/537.77.4"
[Sun, 21 Sep 2014 02:19:28 GMT] "[36mGET[39m [36m/54044d7a8b70c.jpg[39m" "Mozilla/5.0 (Macintosh; Intel Mac OS X 10_9_4) AppleWebKit/537.77.4 (KHTML, like Gecko) Version/7.0.5 Safari/537.77.4"
[Sun, 21 Sep 2014 02:19:28 GMT] "[36mGET[39m [36m/Public/fangyan/loading.png[39m" "Mozilla/5.0 (Macintosh; Intel Mac OS X 10_9_4) AppleWebKit/537.77.4 (KHTML, like Gecko) Version/7.0.5 Safari/537.77.4"
[Sun, 21 Sep 2014 02:19:28 GMT] "[36mGET[39m [36m/server/api.json[39m" "Mozilla/5.0 (Macintosh; Intel Mac OS X 10_9_4) AppleWebKit/537.77.4 (KHTML, like Gecko) Version/7.0.5 Safari/537.77.4"
[Sun, 21 Sep 2014 02:19:36 GMT] "[36mGET[39m [36m/[39m" "Mozilla/5.0 (iPhone; CPU iPhone OS 8_0 like Mac OS X) AppleWebKit/600.1.4 (KHTML, like Gecko) Mobile/12A365 MicroMessenger/5.4.1 NetType/WIFI"
[Sun, 21 Sep 2014 02:19:36 GMT] "[36mGET[39m [36m/style.css?m=0711[39m" "Mozilla/5.0 (iPhone; CPU iPhone OS 8_0 like Mac OS X) AppleWebKit/600.1.4 (KHTML, like Gecko) Mobile/12A365 MicroMessenger/5.4.1 NetType/WIFI"
[Sun, 21 Sep 2014 02:19:37 GMT] "[36mGET[39m [36m/54044d7a8b70c.jpg[39m" "Mozilla/5.0 (iPhone; CPU iPhone OS 8_0 like Mac OS X) AppleWebKit/600.1.4 (KHTML, like Gecko) Mobile/12A365 MicroMessenger/5.4.1 NetType/WIFI"
[Sun, 21 Sep 2014 02:19:37 GMT] "[36mGET[39m [36m/Public/fangyan/loading.png[39m" "Mozilla/5.0 (iPhone; CPU iPhone OS 8_0 like Mac OS X) AppleWebKit/600.1.4 (KHTML, like Gecko) Mobile/12A365 MicroMessenger/5.4.1 NetType/WIFI"
[Sun, 21 Sep 2014 02:19:48 GMT] "[36mGET[39m [36m/[39m" "Mozilla/5.0 (Macintosh; Intel Mac OS X 10_9_4) AppleWebKit/537.77.4 (KHTML, like Gecko) Version/7.0.5 Safari/537.77.4"
[Sun, 21 Sep 2014 02:19:48 GMT] "[36mGET[39m [36m/style.css?m=0711[39m" "Mozilla/5.0 (Macintosh; Intel Mac OS X 10_9_4) AppleWebKit/537.77.4 (KHTML, like Gecko) Version/7.0.5 Safari/537.77.4"
[Sun, 21 Sep 2014 02:19:48 GMT] "[36mGET[39m [36m/54044d7a8b70c.jpg[39m" "Mozilla/5.0 (Macintosh; Intel Mac OS X 10_9_4) AppleWebKit/537.77.4 (KHTML, like Gecko) Version/7.0.5 Safari/537.77.4"
[Sun, 21 Sep 2014 02:19:48 GMT] "[36mGET[39m [36m/server/api.json[39m" "Mozilla/5.0 (Macintosh; Intel Mac OS X 10_9_4) AppleWebKit/537.77.4 (KHTML, like Gecko) Version/7.0.5 Safari/537.77.4"
[Sun, 21 Sep 2014 02:19:50 GMT] "[36mGET[39m [36m/[39m" "Mozilla/5.0 (Macintosh; Intel Mac OS X 10_9_4) AppleWebKit/537.77.4 (KHTML, like Gecko) Version/7.0.5 Safari/537.77.4"
[Sun, 21 Sep 2014 02:19:50 GMT] "[36mGET[39m [36m/style.css?m=0711[39m" "Mozilla/5.0 (Macintosh; Intel Mac OS X 10_9_4) AppleWebKit/537.77.4 (KHTML, like Gecko) Version/7.0.5 Safari/537.77.4"
[Sun, 21 Sep 2014 02:19:51 GMT] "[36mGET[39m [36m/54044d7a8b70c.jpg[39m" "Mozilla/5.0 (Macintosh; Intel Mac OS X 10_9_4) AppleWebKit/537.77.4 (KHTML, like Gecko) Version/7.0.5 Safari/537.77.4"
[Sun, 21 Sep 2014 02:19:51 GMT] "[36mGET[39m [36m/server/api.json[39m" "Mozilla/5.0 (Macintosh; Intel Mac OS X 10_9_4) AppleWebKit/537.77.4 (KHTML, like Gecko) Version/7.0.5 Safari/537.77.4"
[Sun, 21 Sep 2014 02:20:33 GMT] "[36mGET[39m [36m/[39m" "Mozilla/5.0 (Macintosh; Intel Mac OS X 10_9_4) AppleWebKit/537.36 (KHTML, like Gecko) Chrome/37.0.2062.122 Safari/537.36"
[Sun, 21 Sep 2014 02:20:33 GMT] "[36mGET[39m [36m/style.css?m=0711[39m" "Mozilla/5.0 (Macintosh; Intel Mac OS X 10_9_4) AppleWebKit/537.36 (KHTML, like Gecko) Chrome/37.0.2062.122 Safari/537.36"
[Sun, 21 Sep 2014 02:20:33 GMT] "[36mGET[39m [36m/54044d7a8b70c.jpg[39m" "Mozilla/5.0 (Macintosh; Intel Mac OS X 10_9_4) AppleWebKit/537.36 (KHTML, like Gecko) Chrome/37.0.2062.122 Safari/537.36"
[Sun, 21 Sep 2014 02:20:33 GMT] "[36mGET[39m [36m/Public/fangyan/loading.png[39m" "Mozilla/5.0 (Macintosh; Intel Mac OS X 10_9_4) AppleWebKit/537.36 (KHTML, like Gecko) Chrome/37.0.2062.122 Safari/537.36"
[Sun, 21 Sep 2014 02:20:33 GMT] "[36mGET[39m [36m/server/api.json[39m" "Mozilla/5.0 (Macintosh; Intel Mac OS X 10_9_4) AppleWebKit/537.36 (KHTML, like Gecko) Chrome/37.0.2062.122 Safari/537.36"
[Sun, 21 Sep 2014 02:20:39 GMT] "[36mGET[39m [36m/Fy/up/?wid=42755&id=87&score=20[39m" "Mozilla/5.0 (Macintosh; Intel Mac OS X 10_9_4) AppleWebKit/537.36 (KHTML, like Gecko) Chrome/37.0.2062.122 Safari/537.36"
[Sun, 21 Sep 2014 02:20:42 GMT] "[36mGET[39m [36m/[39m" "Mozilla/5.0 (Macintosh; Intel Mac OS X 10_9_4) AppleWebKit/537.36 (KHTML, like Gecko) Chrome/37.0.2062.122 Safari/537.36"
[Sun, 21 Sep 2014 02:20:42 GMT] "[36mGET[39m [36m/style.css?m=0711[39m" "Mozilla/5.0 (Macintosh; Intel Mac OS X 10_9_4) AppleWebKit/537.36 (KHTML, like Gecko) Chrome/37.0.2062.122 Safari/537.36"
[Sun, 21 Sep 2014 02:20:42 GMT] "[36mGET[39m [36m/54044d7a8b70c.jpg[39m" "Mozilla/5.0 (Macintosh; Intel Mac OS X 10_9_4) AppleWebKit/537.36 (KHTML, like Gecko) Chrome/37.0.2062.122 Safari/537.36"
[Sun, 21 Sep 2014 02:20:42 GMT] "[36mGET[39m [36m/server/api.json[39m" "Mozilla/5.0 (Macintosh; Intel Mac OS X 10_9_4) AppleWebKit/537.36 (KHTML, like Gecko) Chrome/37.0.2062.122 Safari/537.36"
[Sun, 21 Sep 2014 02:22:37 GMT] "[36mGET[39m [36m/Public/fangyan/loading.png[39m" "Mozilla/5.0 (iPhone; CPU iPhone OS 7_0 like Mac OS X) AppleWebKit/537.51.1 (KHTML, like Gecko) Version/7.0 Mobile/11A466 Safari/9537.53"
[Sun, 21 Sep 2014 02:22:45 GMT] "[36mGET[39m [36m/Fy/up/?wid=42755&id=87&score=20[39m" "Mozilla/5.0 (iPhone; CPU iPhone OS 7_0 like Mac OS X) AppleWebKit/537.51.1 (KHTML, like Gecko) Version/7.0 Mobile/11A466 Safari/9537.53"
[Sun, 21 Sep 2014 02:23:10 GMT] "[36mGET[39m [36m/[39m" "Mozilla/5.0 (iPhone; CPU iPhone OS 7_0 like Mac OS X) AppleWebKit/537.51.1 (KHTML, like Gecko) CriOS/34.0.1847.18 Mobile/11A466 Safari/9537.53"
[Sun, 21 Sep 2014 02:23:10 GMT] "[36mGET[39m [36m/style.css?m=0711[39m" "Mozilla/5.0 (iPhone; CPU iPhone OS 7_0 like Mac OS X) AppleWebKit/537.51.1 (KHTML, like Gecko) CriOS/34.0.1847.18 Mobile/11A466 Safari/9537.53"
[Sun, 21 Sep 2014 02:23:10 GMT] "[36mGET[39m [36m/54044d7a8b70c.jpg[39m" "Mozilla/5.0 (iPhone; CPU iPhone OS 7_0 like Mac OS X) AppleWebKit/537.51.1 (KHTML, like Gecko) CriOS/34.0.1847.18 Mobile/11A466 Safari/9537.53"
[Sun, 21 Sep 2014 02:23:10 GMT] "[36mGET[39m [36m/Public/fangyan/loading.png[39m" "Mozilla/5.0 (iPhone; CPU iPhone OS 7_0 like Mac OS X) AppleWebKit/537.51.1 (KHTML, like Gecko) CriOS/34.0.1847.18 Mobile/11A466 Safari/9537.53"
[Sun, 21 Sep 2014 02:23:10 GMT] "[36mGET[39m [36m/server/api.json[39m" "Mozilla/5.0 (iPhone; CPU iPhone OS 7_0 like Mac OS X) AppleWebKit/537.51.1 (KHTML, like Gecko) CriOS/34.0.1847.18 Mobile/11A466 Safari/9537.53"
[Sun, 21 Sep 2014 02:23:11 GMT] "[36mGET[39m [36m/favicon.ico[39m" "Mozilla/5.0 (iPhone; CPU iPhone OS 7_0 like Mac OS X) AppleWebKit/537.51.1 (KHTML, like Gecko) CriOS/34.0.1847.18 Mobile/11A466 Safari/9537.53"
[Sun, 21 Sep 2014 02:23:28 GMT] "[36mGET[39m [36m/[39m" "Mozilla/5.0 (iPhone; CPU iPhone OS 7_0 like Mac OS X) AppleWebKit/537.51.1 (KHTML, like Gecko) Version/7.0 Mobile/11A466 Safari/9537.53"
[Sun, 21 Sep 2014 02:23:29 GMT] "[36mGET[39m [36m/Public/fangyan/loading.png[39m" "Mozilla/5.0 (iPhone; CPU iPhone OS 7_0 like Mac OS X) AppleWebKit/537.51.1 (KHTML, like Gecko) Version/7.0 Mobile/11A466 Safari/9537.53"
[Sun, 21 Sep 2014 02:23:43 GMT] "[36mGET[39m [36m/[39m" "Mozilla/5.0 (iPhone; CPU iPhone OS 7_0 like Mac OS X) AppleWebKit/537.51.1 (KHTML, like Gecko) Version/7.0 Mobile/11A466 Safari/9537.53"
[Sun, 21 Sep 2014 02:23:43 GMT] "[36mGET[39m [36m/style.css?m=0711[39m" "Mozilla/5.0 (iPhone; CPU iPhone OS 7_0 like Mac OS X) AppleWebKit/537.51.1 (KHTML, like Gecko) Version/7.0 Mobile/11A466 Safari/9537.53"
[Sun, 21 Sep 2014 02:23:43 GMT] "[36mGET[39m [36m/54044d7a8b70c.jpg[39m" "Mozilla/5.0 (iPhone; CPU iPhone OS 7_0 like Mac OS X) AppleWebKit/537.51.1 (KHTML, like Gecko) Version/7.0 Mobile/11A466 Safari/9537.53"
[Sun, 21 Sep 2014 02:23:43 GMT] "[36mGET[39m [36m/server/api.json[39m" "Mozilla/5.0 (iPhone; CPU iPhone OS 7_0 like Mac OS X) AppleWebKit/537.51.1 (KHTML, like Gecko) Version/7.0 Mobile/11A466 Safari/9537.53"
[Sun, 21 Sep 2014 02:24:31 GMT] "[36mGET[39m [36m/[39m" "Mozilla/5.0 (iPhone; CPU iPhone OS 7_0 like Mac OS X) AppleWebKit/537.51.1 (KHTML, like Gecko) Version/7.0 Mobile/11A466 Safari/9537.53"
[Sun, 21 Sep 2014 02:24:31 GMT] "[36mGET[39m [36m/style.css?m=0711[39m" "Mozilla/5.0 (iPhone; CPU iPhone OS 7_0 like Mac OS X) AppleWebKit/537.51.1 (KHTML, like Gecko) Version/7.0 Mobile/11A466 Safari/9537.53"
[Sun, 21 Sep 2014 02:24:32 GMT] "[36mGET[39m [36m/54044d7a8b70c.jpg[39m" "Mozilla/5.0 (iPhone; CPU iPhone OS 7_0 like Mac OS X) AppleWebKit/537.51.1 (KHTML, like Gecko) Version/7.0 Mobile/11A466 Safari/9537.53"
[Sun, 21 Sep 2014 02:24:32 GMT] "[36mGET[39m [36m/server/api.json[39m" "Mozilla/5.0 (iPhone; CPU iPhone OS 7_0 like Mac OS X) AppleWebKit/537.51.1 (KHTML, like Gecko) Version/7.0 Mobile/11A466 Safari/9537.53"
[Sun, 21 Sep 2014 02:31:34 GMT] "[36mGET[39m [36m/[39m" "Mozilla/5.0 (iPhone; CPU iPhone OS 8_0 like Mac OS X) AppleWebKit/600.1.4 (KHTML, like Gecko) Mobile/12A365 MicroMessenger/5.4.1 NetType/WIFI"
[Sun, 21 Sep 2014 02:31:34 GMT] "[36mGET[39m [36m/style.css?m=0711[39m" "Mozilla/5.0 (iPhone; CPU iPhone OS 8_0 like Mac OS X) AppleWebKit/600.1.4 (KHTML, like Gecko) Mobile/12A365 MicroMessenger/5.4.1 NetType/WIFI"
[Sun, 21 Sep 2014 02:31:34 GMT] "[36mGET[39m [36m/54044d7a8b70c.jpg[39m" "Mozilla/5.0 (iPhone; CPU iPhone OS 8_0 like Mac OS X) AppleWebKit/600.1.4 (KHTML, like Gecko) Mobile/12A365 MicroMessenger/5.4.1 NetType/WIFI"
[Sun, 21 Sep 2014 02:31:34 GMT] "[36mGET[39m [36m/Public/fangyan/loading.png[39m" "Mozilla/5.0 (iPhone; CPU iPhone OS 8_0 like Mac OS X) AppleWebKit/600.1.4 (KHTML, like Gecko) Mobile/12A365 MicroMessenger/5.4.1 NetType/WIFI"
[Sun, 21 Sep 2014 02:32:24 GMT] "[36mGET[39m [36m/[39m" "Mozilla/5.0 (iPhone; CPU iPhone OS 8_0 like Mac OS X) AppleWebKit/600.1.4 (KHTML, like Gecko) Version/8.0 Mobile/12A365 Safari/600.1.4"
[Sun, 21 Sep 2014 02:32:24 GMT] "[36mGET[39m [36m/style.css?m=0711[39m" "Mozilla/5.0 (iPhone; CPU iPhone OS 8_0 like Mac OS X) AppleWebKit/600.1.4 (KHTML, like Gecko) Version/8.0 Mobile/12A365 Safari/600.1.4"
[Sun, 21 Sep 2014 02:32:24 GMT] "[36mGET[39m [36m/54044d7a8b70c.jpg[39m" "Mozilla/5.0 (iPhone; CPU iPhone OS 8_0 like Mac OS X) AppleWebKit/600.1.4 (KHTML, like Gecko) Version/8.0 Mobile/12A365 Safari/600.1.4"
[Sun, 21 Sep 2014 02:32:25 GMT] "[36mGET[39m [36m/Public/fangyan/loading.png[39m" "Mozilla/5.0 (iPhone; CPU iPhone OS 8_0 like Mac OS X) AppleWebKit/600.1.4 (KHTML, like Gecko) Version/8.0 Mobile/12A365 Safari/600.1.4"
[Sun, 21 Sep 2014 02:34:10 GMT] "[36mGET[39m [36m/Fy/up/?wid=42755&id=87&score=10[39m" "Mozilla/5.0 (iPhone; CPU iPhone OS 7_0 like Mac OS X) AppleWebKit/537.51.1 (KHTML, like Gecko) Version/7.0 Mobile/11A466 Safari/9537.53"
[Sun, 21 Sep 2014 02:39:42 GMT] "[36mGET[39m [36m/[39m" "Mozilla/5.0 (iPhone; CPU iPhone OS 8_0 like Mac OS X) AppleWebKit/600.1.4 (KHTML, like Gecko) Mobile/12A365 MicroMessenger/5.4.1 NetType/WIFI"
[Sun, 21 Sep 2014 02:39:42 GMT] "[36mGET[39m [36m/style.css?m=0711[39m" "Mozilla/5.0 (iPhone; CPU iPhone OS 8_0 like Mac OS X) AppleWebKit/600.1.4 (KHTML, like Gecko) Mobile/12A365 MicroMessenger/5.4.1 NetType/WIFI"
[Sun, 21 Sep 2014 02:39:43 GMT] "[36mGET[39m [36m/54044d7a8b70c.jpg[39m" "Mozilla/5.0 (iPhone; CPU iPhone OS 8_0 like Mac OS X) AppleWebKit/600.1.4 (KHTML, like Gecko) Mobile/12A365 MicroMessenger/5.4.1 NetType/WIFI"
[Sun, 21 Sep 2014 02:39:43 GMT] "[36mGET[39m [36m/Public/fangyan/loading.png[39m" "Mozilla/5.0 (iPhone; CPU iPhone OS 8_0 like Mac OS X) AppleWebKit/600.1.4 (KHTML, like Gecko) Mobile/12A365 MicroMessenger/5.4.1 NetType/WIFI"
